{
  "stats": {
    "suites": 1,
    "tests": 8,
    "passes": 8,
    "pending": 0,
    "failures": 0,
    "start": "2024-05-13T09:16:03.806Z",
    "end": "2024-05-13T09:17:40.666Z",
    "duration": 96860,
    "testsRegistered": 8,
    "passPercent": 100,
    "pendingPercent": 0,
    "other": 0,
    "hasOther": false,
    "skipped": 0,
    "hasSkipped": false
  },
  "results": [
    {
      "uuid": "955ebdeb-7b3e-411e-9e42-57861083a12c",
      "title": "",
      "fullFile": "cypress\\e2e\\PP_Health_check.cy.js",
      "file": "cypress\\e2e\\PP_Health_check.cy.js",
      "beforeHooks": [],
      "afterHooks": [],
      "tests": [],
      "suites": [
        {
          "uuid": "c6b47c74-4d7d-4320-b215-5e4abdb3f1c3",
          "title": "Health Check",
          "fullFile": "",
          "file": "",
          "beforeHooks": [],
          "afterHooks": [],
          "tests": [
            {
              "title": "Visit https://caeddicamint.oktapreview.com/home/caeddicamint_cubsperfrf_1/0oa6gj0mkwjNtmMo81d7/aln6gj626gsQVSK9H1d7",
              "fullTitle": "Health Check Visit https://caeddicamint.oktapreview.com/home/caeddicamint_cubsperfrf_1/0oa6gj0mkwjNtmMo81d7/aln6gj626gsQVSK9H1d7",
              "timedOut": null,
              "duration": 20107,
              "state": "passed",
              "speed": "slow",
              "pass": true,
              "fail": false,
              "pending": false,
              "context": "{\n  \"title\": \"cypress-mochawesome-reporter-screenshots\",\n  \"value\": [\n    [\n      \"\\\\PP_Health_check.cy.js\\\\after-login-aln6gj626gsQVSK9H1d7.png\"\n    ]\n  ]\n}",
              "code": "login(url);\ncy.visit(url);\ncy.get('a').each($el => {\n  cy.wrap($el).should('have.attr', 'href').then(subUrl => {\n    cy.request(subUrl).then(response => {\n      expect(response.status).to.eq(200);\n    });\n  });\n}).then(() => {\n  cy.screenshot(`after-login-${url.split('/').pop()}`);\n});",
              "err": {},
              "uuid": "b0d5fa4d-94aa-4fa3-96d8-840fbd77c2cf",
              "parentUUID": "c6b47c74-4d7d-4320-b215-5e4abdb3f1c3",
              "isHook": false,
              "skipped": false
            },
            {
              "title": "Visit https://caeddicamint.oktapreview.com/home/caeddicamint_sdiointpp1_1/0oa6gnp0ntKm5qivz1d7/aln6go2y4ww34hZNL1d7",
              "fullTitle": "Health Check Visit https://caeddicamint.oktapreview.com/home/caeddicamint_sdiointpp1_1/0oa6gnp0ntKm5qivz1d7/aln6go2y4ww34hZNL1d7",
              "timedOut": null,
              "duration": 12405,
              "state": "passed",
              "speed": "slow",
              "pass": true,
              "fail": false,
              "pending": false,
              "context": "{\n  \"title\": \"cypress-mochawesome-reporter-screenshots\",\n  \"value\": [\n    [\n      \"\\\\PP_Health_check.cy.js\\\\after-login-aln6go2y4ww34hZNL1d7.png\"\n    ]\n  ]\n}",
              "code": "login(url);\ncy.visit(url);\ncy.get('a').each($el => {\n  cy.wrap($el).should('have.attr', 'href').then(subUrl => {\n    cy.request(subUrl).then(response => {\n      expect(response.status).to.eq(200);\n    });\n  });\n}).then(() => {\n  cy.screenshot(`after-login-${url.split('/').pop()}`);\n});",
              "err": {},
              "uuid": "1bab4e9d-a6a2-4598-b642-d4904b2188a8",
              "parentUUID": "c6b47c74-4d7d-4320-b215-5e4abdb3f1c3",
              "isHook": false,
              "skipped": false
            },
            {
              "title": "Visit https://caeddicamint.oktapreview.com/home/caeddicamint_cubsstgrf_1/0oa6h045soZwIkre71d7/aln6h0guom3WW8K5S1d7",
              "fullTitle": "Health Check Visit https://caeddicamint.oktapreview.com/home/caeddicamint_cubsstgrf_1/0oa6h045soZwIkre71d7/aln6h0guom3WW8K5S1d7",
              "timedOut": null,
              "duration": 9567,
              "state": "passed",
              "speed": "medium",
              "pass": true,
              "fail": false,
              "pending": false,
              "context": "{\n  \"title\": \"cypress-mochawesome-reporter-screenshots\",\n  \"value\": [\n    [\n      \"\\\\PP_Health_check.cy.js\\\\after-login-aln6h0guom3WW8K5S1d7.png\"\n    ]\n  ]\n}",
              "code": "login(url);\ncy.visit(url);\ncy.get('a').each($el => {\n  cy.wrap($el).should('have.attr', 'href').then(subUrl => {\n    cy.request(subUrl).then(response => {\n      expect(response.status).to.eq(200);\n    });\n  });\n}).then(() => {\n  cy.screenshot(`after-login-${url.split('/').pop()}`);\n});",
              "err": {},
              "uuid": "5c538c6d-59b5-4c33-ad23-4a691ffb37ed",
              "parentUUID": "c6b47c74-4d7d-4320-b215-5e4abdb3f1c3",
              "isHook": false,
              "skipped": false
            },
            {
              "title": "Visit https://caeddicamint.oktapreview.com/home/caeddicamint_sdiointpp3_1/0oa6h0mx4g0jRjRl61d7/aln6h0ysn8Z4ZUcti1d7",
              "fullTitle": "Health Check Visit https://caeddicamint.oktapreview.com/home/caeddicamint_sdiointpp3_1/0oa6h0mx4g0jRjRl61d7/aln6h0ysn8Z4ZUcti1d7",
              "timedOut": null,
              "duration": 9390,
              "state": "passed",
              "speed": "medium",
              "pass": true,
              "fail": false,
              "pending": false,
              "context": "{\n  \"title\": \"cypress-mochawesome-reporter-screenshots\",\n  \"value\": [\n    [\n      \"\\\\PP_Health_check.cy.js\\\\after-login-aln6h0ysn8Z4ZUcti1d7.png\"\n    ]\n  ]\n}",
              "code": "login(url);\ncy.visit(url);\ncy.get('a').each($el => {\n  cy.wrap($el).should('have.attr', 'href').then(subUrl => {\n    cy.request(subUrl).then(response => {\n      expect(response.status).to.eq(200);\n    });\n  });\n}).then(() => {\n  cy.screenshot(`after-login-${url.split('/').pop()}`);\n});",
              "err": {},
              "uuid": "71aa9d63-e32a-421f-8962-b540a0e024cf",
              "parentUUID": "c6b47c74-4d7d-4320-b215-5e4abdb3f1c3",
              "isHook": false,
              "skipped": false
            },
            {
              "title": "Visit https://caeddicamint.oktapreview.com/home/caeddicamint_sdiointpp4_1/0oa6gnqqbvAhLvOWM1d7/aln6gnz04yYIpXchM1d7",
              "fullTitle": "Health Check Visit https://caeddicamint.oktapreview.com/home/caeddicamint_sdiointpp4_1/0oa6gnqqbvAhLvOWM1d7/aln6gnz04yYIpXchM1d7",
              "timedOut": null,
              "duration": 10411,
              "state": "passed",
              "speed": "slow",
              "pass": true,
              "fail": false,
              "pending": false,
              "context": "{\n  \"title\": \"cypress-mochawesome-reporter-screenshots\",\n  \"value\": [\n    [\n      \"\\\\PP_Health_check.cy.js\\\\after-login-aln6gnz04yYIpXchM1d7.png\"\n    ]\n  ]\n}",
              "code": "login(url);\ncy.visit(url);\ncy.get('a').each($el => {\n  cy.wrap($el).should('have.attr', 'href').then(subUrl => {\n    cy.request(subUrl).then(response => {\n      expect(response.status).to.eq(200);\n    });\n  });\n}).then(() => {\n  cy.screenshot(`after-login-${url.split('/').pop()}`);\n});",
              "err": {},
              "uuid": "6b7ab437-bc39-41a0-8a4e-77eb0635e792",
              "parentUUID": "c6b47c74-4d7d-4320-b215-5e4abdb3f1c3",
              "isHook": false,
              "skipped": false
            },
            {
              "title": "Visit https://caeddicamint.oktapreview.com/home/caeddicamint_adminutilpp_1/0oa6s6wusbK0Db54k1d7/aln6s71cf2jzjZCSR1d7",
              "fullTitle": "Health Check Visit https://caeddicamint.oktapreview.com/home/caeddicamint_adminutilpp_1/0oa6s6wusbK0Db54k1d7/aln6s71cf2jzjZCSR1d7",
              "timedOut": null,
              "duration": 8978,
              "state": "passed",
              "speed": "medium",
              "pass": true,
              "fail": false,
              "pending": false,
              "context": "{\n  \"title\": \"cypress-mochawesome-reporter-screenshots\",\n  \"value\": [\n    [\n      \"\\\\PP_Health_check.cy.js\\\\after-login-aln6s71cf2jzjZCSR1d7.png\"\n    ]\n  ]\n}",
              "code": "login(url);\ncy.visit(url);\ncy.get('a').each($el => {\n  cy.wrap($el).should('have.attr', 'href').then(subUrl => {\n    cy.request(subUrl).then(response => {\n      expect(response.status).to.eq(200);\n    });\n  });\n}).then(() => {\n  cy.screenshot(`after-login-${url.split('/').pop()}`);\n});",
              "err": {},
              "uuid": "4d995c8b-f41c-4a4e-a2e2-f34e9eabbcac",
              "parentUUID": "c6b47c74-4d7d-4320-b215-5e4abdb3f1c3",
              "isHook": false,
              "skipped": false
            },
            {
              "title": "Visit https://caeddicamint.oktapreview.com/home/caeddicamint_cubsuatrf_1/0oa6h19riaNJkTR9e1d7/aln6h1fa6kSUV99Md1d7",
              "fullTitle": "Health Check Visit https://caeddicamint.oktapreview.com/home/caeddicamint_cubsuatrf_1/0oa6h19riaNJkTR9e1d7/aln6h1fa6kSUV99Md1d7",
              "timedOut": null,
              "duration": 9048,
              "state": "passed",
              "speed": "medium",
              "pass": true,
              "fail": false,
              "pending": false,
              "context": "{\n  \"title\": \"cypress-mochawesome-reporter-screenshots\",\n  \"value\": [\n    [\n      \"\\\\PP_Health_check.cy.js\\\\after-login-aln6h1fa6kSUV99Md1d7.png\"\n    ]\n  ]\n}",
              "code": "login(url);\ncy.visit(url);\ncy.get('a').each($el => {\n  cy.wrap($el).should('have.attr', 'href').then(subUrl => {\n    cy.request(subUrl).then(response => {\n      expect(response.status).to.eq(200);\n    });\n  });\n}).then(() => {\n  cy.screenshot(`after-login-${url.split('/').pop()}`);\n});",
              "err": {},
              "uuid": "7fcce4e7-40d9-4aca-ae64-593b62f442d9",
              "parentUUID": "c6b47c74-4d7d-4320-b215-5e4abdb3f1c3",
              "isHook": false,
              "skipped": false
            },
            {
              "title": "Visit https://caeddicamint.oktapreview.com/home/caeddicamint_sdiointpp2_1/0oa6h1eg9acaYTE9e1d7/aln6h1hgwhsA0JOCJ1d7",
              "fullTitle": "Health Check Visit https://caeddicamint.oktapreview.com/home/caeddicamint_sdiointpp2_1/0oa6h1eg9acaYTE9e1d7/aln6h1hgwhsA0JOCJ1d7",
              "timedOut": null,
              "duration": 10338,
              "state": "passed",
              "speed": "slow",
              "pass": true,
              "fail": false,
              "pending": false,
              "context": "{\n  \"title\": \"cypress-mochawesome-reporter-screenshots\",\n  \"value\": [\n    [\n      \"\\\\PP_Health_check.cy.js\\\\after-login-aln6h1hgwhsA0JOCJ1d7.png\"\n    ]\n  ]\n}",
              "code": "login(url);\ncy.visit(url);\ncy.get('a').each($el => {\n  cy.wrap($el).should('have.attr', 'href').then(subUrl => {\n    cy.request(subUrl).then(response => {\n      expect(response.status).to.eq(200);\n    });\n  });\n}).then(() => {\n  cy.screenshot(`after-login-${url.split('/').pop()}`);\n});",
              "err": {},
              "uuid": "aa005211-5566-460f-9997-6332a56d9c8c",
              "parentUUID": "c6b47c74-4d7d-4320-b215-5e4abdb3f1c3",
              "isHook": false,
              "skipped": false
            }
          ],
          "suites": [],
          "passes": [
            "b0d5fa4d-94aa-4fa3-96d8-840fbd77c2cf",
            "1bab4e9d-a6a2-4598-b642-d4904b2188a8",
            "5c538c6d-59b5-4c33-ad23-4a691ffb37ed",
            "71aa9d63-e32a-421f-8962-b540a0e024cf",
            "6b7ab437-bc39-41a0-8a4e-77eb0635e792",
            "4d995c8b-f41c-4a4e-a2e2-f34e9eabbcac",
            "7fcce4e7-40d9-4aca-ae64-593b62f442d9",
            "aa005211-5566-460f-9997-6332a56d9c8c"
          ],
          "failures": [],
          "pending": [],
          "skipped": [],
          "duration": 90244,
          "root": false,
          "rootEmpty": false,
          "_timeout": 2000
        }
      ],
      "passes": [],
      "failures": [],
      "pending": [],
      "skipped": [],
      "duration": 0,
      "root": true,
      "rootEmpty": true,
      "_timeout": 2000
    }
  ],
  "meta": {
    "mocha": {
      "version": "7.0.1"
    },
    "mochawesome": {
      "options": {
        "quiet": false,
        "reportFilename": "mochawesome",
        "saveHtml": true,
        "saveJson": true,
        "consoleReporter": "spec",
        "useInlineDiffs": false,
        "code": true
      },
      "version": "7.1.3"
    },
    "marge": {
      "options": {
        "reportDir": "cypress/reports/json",
        "overwrite": true,
        "html": true,
        "json": true
      },
      "version": "6.2.0"
    }
  }
}